\BOOKMARK [0][-]{chapter*.3}{\376\377\000A\000b\000s\000t\000r\000a\000c\000t}{}% 1
\BOOKMARK [0][-]{section*.4}{\376\377\000L\000i\000s\000t\000\040\000o\000f\000\040\000F\000i\000g\000u\000r\000e\000s}{}% 2
\BOOKMARK [0][-]{section*.5}{\376\377\000L\000i\000s\000t\000\040\000o\000f\000\040\000T\000a\000b\000l\000e\000s}{}% 3
\BOOKMARK [0][-]{section*.6}{\376\377\000L\000i\000s\000t\000\040\000o\000f\000\040\000C\000o\000d\000e\000\040\000F\000r\000a\000g\000m\000e\000n\000t\000s}{}% 4
\BOOKMARK [0][-]{chapter.1}{\376\377\000I\000n\000t\000r\000o\000d\000u\000c\000t\000i\000o\000n}{}% 5
\BOOKMARK [0][-]{chapter.2}{\376\377\000R\000e\000l\000a\000t\000e\000d\000\040\000w\000o\000r\000k}{}% 6
\BOOKMARK [1][-]{section.2.1}{\376\377\000L\000i\000n\000k\000e\000d\000\040\000D\000a\000t\000a}{chapter.2}% 7
\BOOKMARK [2][-]{subsection.2.1.1}{\376\377\000I\000n\000t\000r\000o\000d\000u\000c\000t\000i\000o\000n\000\040\000a\000n\000d\000\040\000P\000r\000i\000n\000c\000i\000p\000l\000e\000s}{section.2.1}% 8
\BOOKMARK [2][-]{subsection.2.1.2}{\376\377\000R\000e\000s\000o\000u\000r\000c\000e\000\040\000D\000e\000s\000c\000r\000i\000p\000t\000i\000o\000n\000\040\000F\000r\000a\000m\000e\000w\000o\000r\000k}{section.2.1}% 9
\BOOKMARK [2][-]{subsection.2.1.3}{\376\377\000R\000e\000s\000o\000u\000r\000c\000e\000\040\000D\000e\000s\000c\000r\000i\000p\000t\000i\000o\000n\000\040\000F\000r\000a\000m\000e\000w\000o\000r\000k\000\040\000S\000y\000n\000t\000a\000x}{section.2.1}% 10
\BOOKMARK [2][-]{subsection.2.1.4}{\376\377\000S\000P\000A\000R\000Q\000L}{section.2.1}% 11
\BOOKMARK [1][-]{section*.19}{\376\377\000L\000i\000n\000k\000-\000T\000r\000a\000v\000e\000r\000s\000a\000l\000-\000b\000a\000s\000e\000d\000\040\000Q\000u\000e\000r\000y\000\040\000P\000r\000o\000c\000e\000s\000s\000i\000n\000g}{chapter.2}% 12
\BOOKMARK [2][-]{subsection.2.2.1}{\376\377\000L\000i\000n\000k\000\040\000T\000r\000a\000v\000e\000r\000s\000a\000l\000\040\000B\000a\000s\000i\000c\000s}{section*.19}% 13
\BOOKMARK [2][-]{subsection.2.2.2}{\376\377\000R\000e\000a\000c\000h\000a\000b\000i\000l\000i\000t\000y\000\040\000C\000r\000i\000t\000e\000r\000i\000a}{section*.19}% 14
\BOOKMARK [1][-]{section*.20}{\376\377\000C\000o\000m\000u\000n\000i\000c\000a}{chapter.2}% 15
\BOOKMARK [2][-]{subsection.2.3.1}{\376\377\000B\000u\000i\000l\000d\000i\000n\000g\000\040\000B\000l\000o\000c\000k\000s}{section*.20}% 16
\BOOKMARK [2][-]{subsection.2.3.2}{\376\377\000L\000i\000n\000k\000\040\000T\000r\000a\000v\000e\000r\000s\000a\000l\000\040\000E\000n\000g\000i\000n\000e\000s}{section*.20}% 17
\BOOKMARK [1][-]{section*.21}{\376\377\000C\000o\000l\000l\000e\000c\000t\000i\000o\000n\000s\000\040\000o\000f\000\040\000G\000h\000e\000n\000t}{chapter.2}% 18
\BOOKMARK [2][-]{subsection.2.4.1}{\376\377\000L\000i\000n\000k\000e\000d\000\040\000D\000a\000t\000a\000\040\000E\000v\000e\000n\000t\000\040\000S\000t\000r\000e\000a\000m\000s}{section*.21}% 19
\BOOKMARK [2][-]{subsection.2.4.2}{\376\377\000E\000x\000a\000m\000p\000l\000e\000\040\000Q\000u\000e\000r\000i\000e\000s}{section*.21}% 20
\BOOKMARK [2][-]{subsection.2.4.3}{\376\377\000Q\000u\000e\000r\000y\000\040\000B\000u\000i\000l\000d\000e\000r}{section*.21}% 21
\BOOKMARK [0][-]{chapter.3}{\376\377\000C\000o\000G\000h\000e\000n\000t\000\040\000D\000a\000t\000a\000\040\000a\000n\000d\000\040\000L\000i\000n\000k\000\040\000T\000r\000a\000v\000e\000r\000s\000a\000l}{}% 22
\BOOKMARK [1][-]{section*.23}{\376\377\000C\000o\000G\000h\000e\000n\000t\000\040\000D\000a\000t\000a\000\040\000S\000o\000u\000r\000c\000e\000s}{chapter.3}% 23
\BOOKMARK [2][-]{subsection.3.1.1}{\376\377\000U\000R\000I\000\040\000R\000e\000d\000i\000r\000e\000c\000t\000i\000o\000n}{section*.23}% 24
\BOOKMARK [2][-]{subsection.3.1.2}{\376\377\000N\000o\000n\000-\000d\000e\000t\000e\000r\000m\000i\000n\000i\000s\000t\000i\000c\000\040\000r\000e\000s\000u\000l\000t\000s}{section*.23}% 25
\BOOKMARK [2][-]{subsection.3.1.3}{\376\377\000D\000u\000p\000l\000i\000c\000a\000t\000e\000\040\000H\000u\000m\000a\000n\000-\000M\000a\000d\000e\000\040\000O\000b\000j\000e\000c\000t\000s}{section*.23}% 26
\BOOKMARK [2][-]{subsection.3.1.4}{\376\377\000C\000o\000n\000c\000l\000u\000s\000i\000o\000n}{section*.23}% 27
\BOOKMARK [1][-]{section*.30}{\376\377\000C\000o\000m\000u\000n\000i\000c\000a\000\040\000L\000i\000n\000k\000\040\000T\000r\000a\000v\000e\000r\000s\000a\000l\000\040\000E\000n\000g\000i\000n\000e\000\040\000C\000o\000n\000f\000i\000g\000u\000r\000a\000t\000i\000o\000n}{chapter.3}% 28
\BOOKMARK [2][-]{subsection.3.2.1}{\376\377\000B\000a\000s\000e\000\040\000C\000o\000n\000f\000i\000g\000u\000r\000a\000t\000i\000o\000n}{section*.30}% 29
\BOOKMARK [2][-]{subsection.3.2.2}{\376\377\000B\000a\000s\000i\000c\000\040\000L\000i\000n\000k\000\040\000E\000x\000t\000r\000a\000c\000t\000o\000r\000s}{section*.30}% 30
\BOOKMARK [2][-]{subsection.3.2.3}{\376\377\000E\000x\000t\000r\000a\000c\000t\000i\000n\000g\000\040\000L\000i\000n\000k\000s\000\040\000b\000a\000s\000e\000d\000\040\000o\000n\000\040\000P\000r\000e\000d\000i\000c\000a\000t\000e\000s}{section*.30}% 31
\BOOKMARK [2][-]{subsection.3.2.4}{\376\377\000C\000o\000m\000p\000a\000r\000i\000n\000g\000\040\000L\000i\000n\000k\000\040\000E\000x\000t\000r\000a\000c\000t\000o\000r\000s}{section*.30}% 32
\BOOKMARK [2][-]{subsection.3.2.5}{\376\377\000T\000r\000a\000v\000e\000r\000s\000i\000n\000g\000\040\000L\000D\000E\000S\000\040\000P\000a\000g\000e\000s}{section*.30}% 33
\BOOKMARK [2][-]{subsection.3.2.6}{\376\377\000C\000o\000n\000c\000l\000u\000s\000i\000o\000n}{section*.30}% 34
\BOOKMARK [1][-]{section*.37}{\376\377\000L\000i\000n\000k\000s\000\040\000t\000o\000\040\000F\000o\000l\000l\000o\000w}{chapter.3}% 35
\BOOKMARK [2][-]{subsection.3.3.1}{\376\377\000I\000I\000I\000F\000\040\000M\000a\000n\000i\000f\000e\000s\000t}{section*.37}% 36
\BOOKMARK [2][-]{subsection.3.3.2}{\376\377\000W\000i\000k\000i\000d\000a\000t\000a}{section*.37}% 37
\BOOKMARK [2][-]{subsection.3.3.3}{\376\377\000S\000t\000a\000d\000\040\000G\000e\000n\000t}{section*.37}% 38
\BOOKMARK [2][-]{subsection.3.3.4}{\376\377\000G\000e\000t\000t\000y\000\040\000V\000o\000c\000a\000b\000u\000l\000a\000r\000i\000e\000s}{section*.37}% 39
\BOOKMARK [2][-]{subsection.3.3.5}{\376\377\000C\000o\000n\000c\000l\000u\000s\000i\000o\000n}{section*.37}% 40
\BOOKMARK [1][-]{section*.57}{\376\377\000C\000o\000n\000c\000l\000u\000s\000i\000o\000n}{chapter.3}% 41
\BOOKMARK [0][-]{chapter.4}{\376\377\000T\000o\000o\000l\000s\000\040\000f\000o\000r\000\040\000Q\000u\000e\000r\000y\000\040\000B\000u\000i\000l\000d\000i\000n\000g}{}% 42
\BOOKMARK [1][-]{section*.58}{\376\377\000B\000u\000i\000l\000d\000i\000n\000g\000\040\000Q\000u\000e\000r\000i\000e\000s\000\040\000f\000r\000o\000m\000\040\000P\000r\000e\000d\000i\000c\000a\000t\000e\000\040\000S\000e\000q\000u\000e\000n\000c\000e\000s}{chapter.4}% 43
\BOOKMARK [1][-]{section*.70}{\376\377\000A\000\040\000N\000e\000w\000\040\000Q\000u\000e\000r\000y\000\040\000B\000u\000i\000l\000d\000e\000r}{chapter.4}% 44
\BOOKMARK [1][-]{section*.71}{\376\377\000D\000i\000s\000c\000o\000v\000e\000r\000i\000n\000g\000\040\000P\000r\000e\000d\000i\000c\000a\000t\000e\000\040\000S\000e\000q\000u\000e\000n\000c\000e\000s}{chapter.4}% 45
\BOOKMARK [0][-]{chapter.5}{\376\377\000H\000a\000n\000d\000l\000i\000n\000g\000\040\000Q\000u\000e\000r\000y\000\040\000R\000e\000s\000u\000l\000t\000s}{}% 46
\BOOKMARK [1][-]{section*.72}{\376\377\000V\000i\000s\000u\000a\000l\000i\000z\000i\000n\000g\000\040\000Q\000u\000e\000r\000y\000\040\000R\000e\000s\000u\000l\000t\000s}{chapter.5}% 47
\BOOKMARK [1][-]{section*.73}{\376\377\000S\000a\000v\000i\000n\000g\000\040\000Q\000u\000e\000r\000y\000\040\000R\000e\000s\000u\000l\000t\000s}{chapter.5}% 48
\BOOKMARK [0][-]{chapter*.74}{\376\377\000C\000o\000n\000c\000l\000u\000s\000i\000o\000n}{}% 49
\BOOKMARK [1][-]{section*.76}{\376\377\000E\000t\000h\000i\000c\000a\000l\000\040\000a\000n\000d\000\040\000s\000o\000c\000i\000a\000l\000\040\000r\000e\000f\000l\000e\000c\000t\000i\000o\000n}{chapter*.74}% 50
\BOOKMARK [0][-]{chapter*.77}{\376\377\000R\000e\000f\000e\000r\000e\000n\000c\000e\000s}{}% 51
\BOOKMARK [0][-]{section*.78}{\376\377\000A\000p\000p\000e\000n\000d\000i\000c\000e\000s}{}% 52
\BOOKMARK [1][-]{section*.79}{\376\377\000A\000p\000p\000e\000n\000d\000i\000x\000\040\000A}{section*.78}% 53
\BOOKMARK [1][-]{section*.80}{\376\377\000A\000p\000p\000e\000n\000d\000i\000x\000\040\000B}{section*.78}% 54
